mode: set
github.com/alonzathompson/go-fundamentals/arrays/main.go:5.13,12.2 5 0
github.com/alonzathompson/go-fundamentals/arrays/main.go:14.32,18.22 2 1
github.com/alonzathompson/go-fundamentals/arrays/main.go:22.2,22.12 1 1
github.com/alonzathompson/go-fundamentals/arrays/main.go:18.22,20.3 1 1
github.com/alonzathompson/go-fundamentals/arrays/main.go:25.37,28.24 2 1
github.com/alonzathompson/go-fundamentals/arrays/main.go:32.2,32.14 1 1
github.com/alonzathompson/go-fundamentals/arrays/main.go:28.24,30.3 1 1
github.com/alonzathompson/go-fundamentals/arrays/main.go:35.36,37.2 1 1
